    Finished `release` profile [optimized] target(s) in 0.00s
     Running `target/release/examples/corpus_gen 800 instrumentation/out/corpus 99`
wrote 800 programs to instrumentation/out/corpus (398 buggy, 402 clean)
instrumentation/capture_corpus.sh: line 22: 21015 Abort trap: 6           BIBE_TRACE="$OUT/$base.log" "$OUT/$base" > /dev/null 2> "$OUT/$base.asan"
instrumentation/capture_corpus.sh: line 22: 21040 Abort trap: 6           BIBE_TRACE="$OUT/$base.log" "$OUT/$base" > /dev/null 2> "$OUT/$base.asan"
instrumentation/capture_corpus.sh: line 22: 21048 Abort trap: 6           BIBE_TRACE="$OUT/$base.log" "$OUT/$base" > /dev/null 2> "$OUT/$base.asan"
instrumentation/capture_corpus.sh: line 22: 21057 Abort trap: 6           BIBE_TRACE="$OUT/$base.log" "$OUT/$base" > /dev/null 2> "$OUT/$base.asan"
instrumentation/capture_corpus.sh: line 22: 21068 Abort trap: 6           BIBE_TRACE="$OUT/$base.log" "$OUT/$base" > /dev/null 2> "$OUT/$base.asan"
instrumentation/capture_corpus.sh: line 22: 21084 Abort trap: 6           BIBE_TRACE="$OUT/$base.log" "$OUT/$base" > /dev/null 2> "$OUT/$base.asan"
instrumentation/capture_corpus.sh: line 22: 21092 Abort trap: 6           BIBE_TRACE="$OUT/$base.log" "$OUT/$base" > /dev/null 2> "$OUT/$base.asan"
instrumentation/capture_corpus.sh: line 22: 21100 Abort trap: 6           BIBE_TRACE="$OUT/$base.log" "$OUT/$base" > /dev/null 2> "$OUT/$base.asan"
instrumentation/capture_corpus.sh: line 22: 21117 Abort trap: 6           BIBE_TRACE="$OUT/$base.log" "$OUT/$base" > /dev/null 2> "$OUT/$base.asan"
instrumentation/capture_corpus.sh: line 22: 21125 Abort trap: 6           BIBE_TRACE="$OUT/$base.log" "$OUT/$base" > /dev/null 2> "$OUT/$base.asan"
instrumentation/capture_corpus.sh: line 22: 21178 Abort trap: 6           BIBE_TRACE="$OUT/$base.log" "$OUT/$base" > /dev/null 2> "$OUT/$base.asan"
instrumentation/capture_corpus.sh: line 22: 21186 Abort trap: 6           BIBE_TRACE="$OUT/$base.log" "$OUT/$base" > /dev/null 2> "$OUT/$base.asan"
instrumentation/capture_corpus.sh: line 22: 21195 Abort trap: 6           BIBE_TRACE="$OUT/$base.log" "$OUT/$base" > /dev/null 2> "$OUT/$base.asan"
instrumentation/capture_corpus.sh: line 22: 21241 Abort trap: 6           BIBE_TRACE="$OUT/$base.log" "$OUT/$base" > /dev/null 2> "$OUT/$base.asan"
instrumentation/capture_corpus.sh: line 22: 21257 Abort trap: 6           BIBE_TRACE="$OUT/$base.log" "$OUT/$base" > /dev/null 2> "$OUT/$base.asan"
instrumentation/capture_corpus.sh: line 22: 21265 Abort trap: 6           BIBE_TRACE="$OUT/$base.log" "$OUT/$base" > /dev/null 2> "$OUT/$base.asan"
instrumentation/capture_corpus.sh: line 22: 21273 Abort trap: 6           BIBE_TRACE="$OUT/$base.log" "$OUT/$base" > /dev/null 2> "$OUT/$base.asan"
instrumentation/capture_corpus.sh: line 22: 21281 Abort trap: 6           BIBE_TRACE="$OUT/$base.log" "$OUT/$base" > /dev/null 2> "$OUT/$base.asan"
instrumentation/capture_corpus.sh: line 22: 21290 Abort trap: 6           BIBE_TRACE="$OUT/$base.log" "$OUT/$base" > /dev/null 2> "$OUT/$base.asan"
instrumentation/capture_corpus.sh: line 22: 21298 Abort trap: 6           BIBE_TRACE="$OUT/$base.log" "$OUT/$base" > /dev/null 2> "$OUT/$base.asan"
instrumentation/capture_corpus.sh: line 22: 21314 Abort trap: 6           BIBE_TRACE="$OUT/$base.log" "$OUT/$base" > /dev/null 2> "$OUT/$base.asan"
instrumentation/capture_corpus.sh: line 22: 21350 Abort trap: 6           BIBE_TRACE="$OUT/$base.log" "$OUT/$base" > /dev/null 2> "$OUT/$base.asan"
instrumentation/capture_corpus.sh: line 22: 21360 Abort trap: 6           BIBE_TRACE="$OUT/$base.log" "$OUT/$base" > /dev/null 2> "$OUT/$base.asan"
instrumentation/capture_corpus.sh: line 22: 21384 Abort trap: 6           BIBE_TRACE="$OUT/$base.log" "$OUT/$base" > /dev/null 2> "$OUT/$base.asan"
instrumentation/capture_corpus.sh: line 22: 21413 Abort trap: 6           BIBE_TRACE="$OUT/$base.log" "$OUT/$base" > /dev/null 2> "$OUT/$base.asan"
instrumentation/capture_corpus.sh: line 22: 21421 Abort trap: 6           BIBE_TRACE="$OUT/$base.log" "$OUT/$base" > /dev/null 2> "$OUT/$base.asan"
instrumentation/capture_corpus.sh: line 22: 21458 Abort trap: 6           BIBE_TRACE="$OUT/$base.log" "$OUT/$base" > /dev/null 2> "$OUT/$base.asan"
instrumentation/capture_corpus.sh: line 22: 21466 Abort trap: 6           BIBE_TRACE="$OUT/$base.log" "$OUT/$base" > /dev/null 2> "$OUT/$base.asan"
instrumentation/capture_corpus.sh: line 22: 21474 Abort trap: 6           BIBE_TRACE="$OUT/$base.log" "$OUT/$base" > /dev/null 2> "$OUT/$base.asan"
instrumentation/capture_corpus.sh: line 22: 21497 Abort trap: 6           BIBE_TRACE="$OUT/$base.log" "$OUT/$base" > /dev/null 2> "$OUT/$base.asan"
instrumentation/capture_corpus.sh: line 22: 21512 Abort trap: 6           BIBE_TRACE="$OUT/$base.log" "$OUT/$base" > /dev/null 2> "$OUT/$base.asan"
instrumentation/capture_corpus.sh: line 22: 21520 Abort trap: 6           BIBE_TRACE="$OUT/$base.log" "$OUT/$base" > /dev/null 2> "$OUT/$base.asan"
instrumentation/capture_corpus.sh: line 22: 21528 Abort trap: 6           BIBE_TRACE="$OUT/$base.log" "$OUT/$base" > /dev/null 2> "$OUT/$base.asan"
instrumentation/capture_corpus.sh: line 22: 21544 Abort trap: 6           BIBE_TRACE="$OUT/$base.log" "$OUT/$base" > /dev/null 2> "$OUT/$base.asan"
instrumentation/capture_corpus.sh: line 22: 21552 Abort trap: 6           BIBE_TRACE="$OUT/$base.log" "$OUT/$base" > /dev/null 2> "$OUT/$base.asan"
instrumentation/capture_corpus.sh: line 22: 21560 Abort trap: 6           BIBE_TRACE="$OUT/$base.log" "$OUT/$base" > /dev/null 2> "$OUT/$base.asan"
instrumentation/capture_corpus.sh: line 22: 21568 Abort trap: 6           BIBE_TRACE="$OUT/$base.log" "$OUT/$base" > /dev/null 2> "$OUT/$base.asan"
instrumentation/capture_corpus.sh: line 22: 21590 Abort trap: 6           BIBE_TRACE="$OUT/$base.log" "$OUT/$base" > /dev/null 2> "$OUT/$base.asan"
instrumentation/capture_corpus.sh: line 22: 21620 Abort trap: 6           BIBE_TRACE="$OUT/$base.log" "$OUT/$base" > /dev/null 2> "$OUT/$base.asan"
instrumentation/capture_corpus.sh: line 22: 21657 Abort trap: 6           BIBE_TRACE="$OUT/$base.log" "$OUT/$base" > /dev/null 2> "$OUT/$base.asan"
instrumentation/capture_corpus.sh: line 22: 21665 Abort trap: 6           BIBE_TRACE="$OUT/$base.log" "$OUT/$base" > /dev/null 2> "$OUT/$base.asan"
instrumentation/capture_corpus.sh: line 22: 21687 Abort trap: 6           BIBE_TRACE="$OUT/$base.log" "$OUT/$base" > /dev/null 2> "$OUT/$base.asan"
instrumentation/capture_corpus.sh: line 22: 21702 Abort trap: 6           BIBE_TRACE="$OUT/$base.log" "$OUT/$base" > /dev/null 2> "$OUT/$base.asan"
instrumentation/capture_corpus.sh: line 22: 21718 Abort trap: 6           BIBE_TRACE="$OUT/$base.log" "$OUT/$base" > /dev/null 2> "$OUT/$base.asan"
instrumentation/capture_corpus.sh: line 22: 21726 Abort trap: 6           BIBE_TRACE="$OUT/$base.log" "$OUT/$base" > /dev/null 2> "$OUT/$base.asan"
instrumentation/capture_corpus.sh: line 22: 21734 Abort trap: 6           BIBE_TRACE="$OUT/$base.log" "$OUT/$base" > /dev/null 2> "$OUT/$base.asan"
instrumentation/capture_corpus.sh: line 22: 21757 Abort trap: 6           BIBE_TRACE="$OUT/$base.log" "$OUT/$base" > /dev/null 2> "$OUT/$base.asan"
instrumentation/capture_corpus.sh: line 22: 21765 Abort trap: 6           BIBE_TRACE="$OUT/$base.log" "$OUT/$base" > /dev/null 2> "$OUT/$base.asan"
instrumentation/capture_corpus.sh: line 22: 21794 Abort trap: 6           BIBE_TRACE="$OUT/$base.log" "$OUT/$base" > /dev/null 2> "$OUT/$base.asan"
instrumentation/capture_corpus.sh: line 22: 21817 Abort trap: 6           BIBE_TRACE="$OUT/$base.log" "$OUT/$base" > /dev/null 2> "$OUT/$base.asan"
instrumentation/capture_corpus.sh: line 22: 21846 Abort trap: 6           BIBE_TRACE="$OUT/$base.log" "$OUT/$base" > /dev/null 2> "$OUT/$base.asan"
instrumentation/capture_corpus.sh: line 22: 21854 Abort trap: 6           BIBE_TRACE="$OUT/$base.log" "$OUT/$base" > /dev/null 2> "$OUT/$base.asan"
instrumentation/capture_corpus.sh: line 22: 21870 Abort trap: 6           BIBE_TRACE="$OUT/$base.log" "$OUT/$base" > /dev/null 2> "$OUT/$base.asan"
instrumentation/capture_corpus.sh: line 22: 21878 Abort trap: 6           BIBE_TRACE="$OUT/$base.log" "$OUT/$base" > /dev/null 2> "$OUT/$base.asan"
instrumentation/capture_corpus.sh: line 22: 21886 Abort trap: 6           BIBE_TRACE="$OUT/$base.log" "$OUT/$base" > /dev/null 2> "$OUT/$base.asan"
instrumentation/capture_corpus.sh: line 22: 21894 Abort trap: 6           BIBE_TRACE="$OUT/$base.log" "$OUT/$base" > /dev/null 2> "$OUT/$base.asan"
instrumentation/capture_corpus.sh: line 22: 21931 Abort trap: 6           BIBE_TRACE="$OUT/$base.log" "$OUT/$base" > /dev/null 2> "$OUT/$base.asan"
instrumentation/capture_corpus.sh: line 22: 21986 Abort trap: 6           BIBE_TRACE="$OUT/$base.log" "$OUT/$base" > /dev/null 2> "$OUT/$base.asan"
instrumentation/capture_corpus.sh: line 22: 22005 Abort trap: 6           BIBE_TRACE="$OUT/$base.log" "$OUT/$base" > /dev/null 2> "$OUT/$base.asan"
instrumentation/capture_corpus.sh: line 22: 22015 Abort trap: 6           BIBE_TRACE="$OUT/$base.log" "$OUT/$base" > /dev/null 2> "$OUT/$base.asan"
instrumentation/capture_corpus.sh: line 22: 22029 Abort trap: 6           BIBE_TRACE="$OUT/$base.log" "$OUT/$base" > /dev/null 2> "$OUT/$base.asan"
instrumentation/capture_corpus.sh: line 22: 22047 Abort trap: 6           BIBE_TRACE="$OUT/$base.log" "$OUT/$base" > /dev/null 2> "$OUT/$base.asan"
instrumentation/capture_corpus.sh: line 22: 22077 Abort trap: 6           BIBE_TRACE="$OUT/$base.log" "$OUT/$base" > /dev/null 2> "$OUT/$base.asan"
instrumentation/capture_corpus.sh: line 22: 22122 Abort trap: 6           BIBE_TRACE="$OUT/$base.log" "$OUT/$base" > /dev/null 2> "$OUT/$base.asan"
instrumentation/capture_corpus.sh: line 22: 22137 Abort trap: 6           BIBE_TRACE="$OUT/$base.log" "$OUT/$base" > /dev/null 2> "$OUT/$base.asan"
instrumentation/capture_corpus.sh: line 22: 22146 Abort trap: 6           BIBE_TRACE="$OUT/$base.log" "$OUT/$base" > /dev/null 2> "$OUT/$base.asan"
instrumentation/capture_corpus.sh: line 22: 22154 Abort trap: 6           BIBE_TRACE="$OUT/$base.log" "$OUT/$base" > /dev/null 2> "$OUT/$base.asan"
instrumentation/capture_corpus.sh: line 22: 22162 Abort trap: 6           BIBE_TRACE="$OUT/$base.log" "$OUT/$base" > /dev/null 2> "$OUT/$base.asan"
instrumentation/capture_corpus.sh: line 22: 22198 Abort trap: 6           BIBE_TRACE="$OUT/$base.log" "$OUT/$base" > /dev/null 2> "$OUT/$base.asan"
instrumentation/capture_corpus.sh: line 22: 22207 Abort trap: 6           BIBE_TRACE="$OUT/$base.log" "$OUT/$base" > /dev/null 2> "$OUT/$base.asan"
instrumentation/capture_corpus.sh: line 22: 22222 Abort trap: 6           BIBE_TRACE="$OUT/$base.log" "$OUT/$base" > /dev/null 2> "$OUT/$base.asan"
instrumentation/capture_corpus.sh: line 22: 22231 Abort trap: 6           BIBE_TRACE="$OUT/$base.log" "$OUT/$base" > /dev/null 2> "$OUT/$base.asan"
instrumentation/capture_corpus.sh: line 22: 22260 Abort trap: 6           BIBE_TRACE="$OUT/$base.log" "$OUT/$base" > /dev/null 2> "$OUT/$base.asan"
instrumentation/capture_corpus.sh: line 22: 22293 Abort trap: 6           BIBE_TRACE="$OUT/$base.log" "$OUT/$base" > /dev/null 2> "$OUT/$base.asan"
instrumentation/capture_corpus.sh: line 22: 22308 Abort trap: 6           BIBE_TRACE="$OUT/$base.log" "$OUT/$base" > /dev/null 2> "$OUT/$base.asan"
instrumentation/capture_corpus.sh: line 22: 22337 Abort trap: 6           BIBE_TRACE="$OUT/$base.log" "$OUT/$base" > /dev/null 2> "$OUT/$base.asan"
instrumentation/capture_corpus.sh: line 22: 22353 Abort trap: 6           BIBE_TRACE="$OUT/$base.log" "$OUT/$base" > /dev/null 2> "$OUT/$base.asan"
instrumentation/capture_corpus.sh: line 22: 22361 Abort trap: 6           BIBE_TRACE="$OUT/$base.log" "$OUT/$base" > /dev/null 2> "$OUT/$base.asan"
instrumentation/capture_corpus.sh: line 22: 22383 Abort trap: 6           BIBE_TRACE="$OUT/$base.log" "$OUT/$base" > /dev/null 2> "$OUT/$base.asan"
instrumentation/capture_corpus.sh: line 22: 22391 Abort trap: 6           BIBE_TRACE="$OUT/$base.log" "$OUT/$base" > /dev/null 2> "$OUT/$base.asan"
instrumentation/capture_corpus.sh: line 22: 22414 Abort trap: 6           BIBE_TRACE="$OUT/$base.log" "$OUT/$base" > /dev/null 2> "$OUT/$base.asan"
instrumentation/capture_corpus.sh: line 22: 22436 Abort trap: 6           BIBE_TRACE="$OUT/$base.log" "$OUT/$base" > /dev/null 2> "$OUT/$base.asan"
instrumentation/capture_corpus.sh: line 22: 22444 Abort trap: 6           BIBE_TRACE="$OUT/$base.log" "$OUT/$base" > /dev/null 2> "$OUT/$base.asan"
instrumentation/capture_corpus.sh: line 22: 22452 Abort trap: 6           BIBE_TRACE="$OUT/$base.log" "$OUT/$base" > /dev/null 2> "$OUT/$base.asan"
instrumentation/capture_corpus.sh: line 22: 22482 Abort trap: 6           BIBE_TRACE="$OUT/$base.log" "$OUT/$base" > /dev/null 2> "$OUT/$base.asan"
instrumentation/capture_corpus.sh: line 22: 22490 Abort trap: 6           BIBE_TRACE="$OUT/$base.log" "$OUT/$base" > /dev/null 2> "$OUT/$base.asan"
instrumentation/capture_corpus.sh: line 22: 22498 Abort trap: 6           BIBE_TRACE="$OUT/$base.log" "$OUT/$base" > /dev/null 2> "$OUT/$base.asan"
instrumentation/capture_corpus.sh: line 22: 22506 Abort trap: 6           BIBE_TRACE="$OUT/$base.log" "$OUT/$base" > /dev/null 2> "$OUT/$base.asan"
instrumentation/capture_corpus.sh: line 22: 22514 Abort trap: 6           BIBE_TRACE="$OUT/$base.log" "$OUT/$base" > /dev/null 2> "$OUT/$base.asan"
instrumentation/capture_corpus.sh: line 22: 22544 Abort trap: 6           BIBE_TRACE="$OUT/$base.log" "$OUT/$base" > /dev/null 2> "$OUT/$base.asan"
instrumentation/capture_corpus.sh: line 22: 22566 Abort trap: 6           BIBE_TRACE="$OUT/$base.log" "$OUT/$base" > /dev/null 2> "$OUT/$base.asan"
instrumentation/capture_corpus.sh: line 22: 22574 Abort trap: 6           BIBE_TRACE="$OUT/$base.log" "$OUT/$base" > /dev/null 2> "$OUT/$base.asan"
instrumentation/capture_corpus.sh: line 22: 22597 Abort trap: 6           BIBE_TRACE="$OUT/$base.log" "$OUT/$base" > /dev/null 2> "$OUT/$base.asan"
instrumentation/capture_corpus.sh: line 22: 22612 Abort trap: 6           BIBE_TRACE="$OUT/$base.log" "$OUT/$base" > /dev/null 2> "$OUT/$base.asan"
instrumentation/capture_corpus.sh: line 22: 22627 Abort trap: 6           BIBE_TRACE="$OUT/$base.log" "$OUT/$base" > /dev/null 2> "$OUT/$base.asan"
instrumentation/capture_corpus.sh: line 22: 22636 Abort trap: 6           BIBE_TRACE="$OUT/$base.log" "$OUT/$base" > /dev/null 2> "$OUT/$base.asan"
instrumentation/capture_corpus.sh: line 22: 22644 Abort trap: 6           BIBE_TRACE="$OUT/$base.log" "$OUT/$base" > /dev/null 2> "$OUT/$base.asan"
instrumentation/capture_corpus.sh: line 22: 22652 Abort trap: 6           BIBE_TRACE="$OUT/$base.log" "$OUT/$base" > /dev/null 2> "$OUT/$base.asan"
instrumentation/capture_corpus.sh: line 22: 22660 Abort trap: 6           BIBE_TRACE="$OUT/$base.log" "$OUT/$base" > /dev/null 2> "$OUT/$base.asan"
instrumentation/capture_corpus.sh: line 22: 22669 Abort trap: 6           BIBE_TRACE="$OUT/$base.log" "$OUT/$base" > /dev/null 2> "$OUT/$base.asan"
instrumentation/capture_corpus.sh: line 22: 22684 Abort trap: 6           BIBE_TRACE="$OUT/$base.log" "$OUT/$base" > /dev/null 2> "$OUT/$base.asan"
instrumentation/capture_corpus.sh: line 22: 22692 Abort trap: 6           BIBE_TRACE="$OUT/$base.log" "$OUT/$base" > /dev/null 2> "$OUT/$base.asan"
instrumentation/capture_corpus.sh: line 22: 22700 Abort trap: 6           BIBE_TRACE="$OUT/$base.log" "$OUT/$base" > /dev/null 2> "$OUT/$base.asan"
instrumentation/capture_corpus.sh: line 22: 22708 Abort trap: 6           BIBE_TRACE="$OUT/$base.log" "$OUT/$base" > /dev/null 2> "$OUT/$base.asan"
instrumentation/capture_corpus.sh: line 22: 22716 Abort trap: 6           BIBE_TRACE="$OUT/$base.log" "$OUT/$base" > /dev/null 2> "$OUT/$base.asan"
instrumentation/capture_corpus.sh: line 22: 22732 Abort trap: 6           BIBE_TRACE="$OUT/$base.log" "$OUT/$base" > /dev/null 2> "$OUT/$base.asan"
instrumentation/capture_corpus.sh: line 22: 22740 Abort trap: 6           BIBE_TRACE="$OUT/$base.log" "$OUT/$base" > /dev/null 2> "$OUT/$base.asan"
instrumentation/capture_corpus.sh: line 22: 22748 Abort trap: 6           BIBE_TRACE="$OUT/$base.log" "$OUT/$base" > /dev/null 2> "$OUT/$base.asan"
instrumentation/capture_corpus.sh: line 22: 22770 Abort trap: 6           BIBE_TRACE="$OUT/$base.log" "$OUT/$base" > /dev/null 2> "$OUT/$base.asan"
instrumentation/capture_corpus.sh: line 22: 22779 Abort trap: 6           BIBE_TRACE="$OUT/$base.log" "$OUT/$base" > /dev/null 2> "$OUT/$base.asan"
instrumentation/capture_corpus.sh: line 22: 22794 Abort trap: 6           BIBE_TRACE="$OUT/$base.log" "$OUT/$base" > /dev/null 2> "$OUT/$base.asan"
instrumentation/capture_corpus.sh: line 22: 22802 Abort trap: 6           BIBE_TRACE="$OUT/$base.log" "$OUT/$base" > /dev/null 2> "$OUT/$base.asan"
instrumentation/capture_corpus.sh: line 22: 22810 Abort trap: 6           BIBE_TRACE="$OUT/$base.log" "$OUT/$base" > /dev/null 2> "$OUT/$base.asan"
instrumentation/capture_corpus.sh: line 22: 22818 Abort trap: 6           BIBE_TRACE="$OUT/$base.log" "$OUT/$base" > /dev/null 2> "$OUT/$base.asan"
instrumentation/capture_corpus.sh: line 22: 22841 Abort trap: 6           BIBE_TRACE="$OUT/$base.log" "$OUT/$base" > /dev/null 2> "$OUT/$base.asan"
instrumentation/capture_corpus.sh: line 22: 22863 Abort trap: 6           BIBE_TRACE="$OUT/$base.log" "$OUT/$base" > /dev/null 2> "$OUT/$base.asan"
instrumentation/capture_corpus.sh: line 22: 22950 Abort trap: 6           BIBE_TRACE="$OUT/$base.log" "$OUT/$base" > /dev/null 2> "$OUT/$base.asan"
instrumentation/capture_corpus.sh: line 22: 22972 Abort trap: 6           BIBE_TRACE="$OUT/$base.log" "$OUT/$base" > /dev/null 2> "$OUT/$base.asan"
instrumentation/capture_corpus.sh: line 22: 23002 Abort trap: 6           BIBE_TRACE="$OUT/$base.log" "$OUT/$base" > /dev/null 2> "$OUT/$base.asan"
instrumentation/capture_corpus.sh: line 22: 23018 Abort trap: 6           BIBE_TRACE="$OUT/$base.log" "$OUT/$base" > /dev/null 2> "$OUT/$base.asan"
instrumentation/capture_corpus.sh: line 22: 23026 Abort trap: 6           BIBE_TRACE="$OUT/$base.log" "$OUT/$base" > /dev/null 2> "$OUT/$base.asan"
instrumentation/capture_corpus.sh: line 22: 23035 Abort trap: 6           BIBE_TRACE="$OUT/$base.log" "$OUT/$base" > /dev/null 2> "$OUT/$base.asan"
instrumentation/capture_corpus.sh: line 22: 23043 Abort trap: 6           BIBE_TRACE="$OUT/$base.log" "$OUT/$base" > /dev/null 2> "$OUT/$base.asan"
instrumentation/capture_corpus.sh: line 22: 23058 Abort trap: 6           BIBE_TRACE="$OUT/$base.log" "$OUT/$base" > /dev/null 2> "$OUT/$base.asan"
instrumentation/capture_corpus.sh: line 22: 23067 Abort trap: 6           BIBE_TRACE="$OUT/$base.log" "$OUT/$base" > /dev/null 2> "$OUT/$base.asan"
instrumentation/capture_corpus.sh: line 22: 23084 Abort trap: 6           BIBE_TRACE="$OUT/$base.log" "$OUT/$base" > /dev/null 2> "$OUT/$base.asan"
instrumentation/capture_corpus.sh: line 22: 23121 Abort trap: 6           BIBE_TRACE="$OUT/$base.log" "$OUT/$base" > /dev/null 2> "$OUT/$base.asan"
instrumentation/capture_corpus.sh: line 22: 23129 Abort trap: 6           BIBE_TRACE="$OUT/$base.log" "$OUT/$base" > /dev/null 2> "$OUT/$base.asan"
instrumentation/capture_corpus.sh: line 22: 23138 Abort trap: 6           BIBE_TRACE="$OUT/$base.log" "$OUT/$base" > /dev/null 2> "$OUT/$base.asan"
instrumentation/capture_corpus.sh: line 22: 23147 Abort trap: 6           BIBE_TRACE="$OUT/$base.log" "$OUT/$base" > /dev/null 2> "$OUT/$base.asan"
instrumentation/capture_corpus.sh: line 22: 23155 Abort trap: 6           BIBE_TRACE="$OUT/$base.log" "$OUT/$base" > /dev/null 2> "$OUT/$base.asan"
instrumentation/capture_corpus.sh: line 22: 23163 Abort trap: 6           BIBE_TRACE="$OUT/$base.log" "$OUT/$base" > /dev/null 2> "$OUT/$base.asan"
instrumentation/capture_corpus.sh: line 22: 23171 Abort trap: 6           BIBE_TRACE="$OUT/$base.log" "$OUT/$base" > /dev/null 2> "$OUT/$base.asan"
instrumentation/capture_corpus.sh: line 22: 23179 Abort trap: 6           BIBE_TRACE="$OUT/$base.log" "$OUT/$base" > /dev/null 2> "$OUT/$base.asan"
instrumentation/capture_corpus.sh: line 22: 23194 Abort trap: 6           BIBE_TRACE="$OUT/$base.log" "$OUT/$base" > /dev/null 2> "$OUT/$base.asan"
instrumentation/capture_corpus.sh: line 22: 23203 Abort trap: 6           BIBE_TRACE="$OUT/$base.log" "$OUT/$base" > /dev/null 2> "$OUT/$base.asan"
instrumentation/capture_corpus.sh: line 22: 23218 Abort trap: 6           BIBE_TRACE="$OUT/$base.log" "$OUT/$base" > /dev/null 2> "$OUT/$base.asan"
instrumentation/capture_corpus.sh: line 22: 23226 Abort trap: 6           BIBE_TRACE="$OUT/$base.log" "$OUT/$base" > /dev/null 2> "$OUT/$base.asan"
instrumentation/capture_corpus.sh: line 22: 23241 Abort trap: 6           BIBE_TRACE="$OUT/$base.log" "$OUT/$base" > /dev/null 2> "$OUT/$base.asan"
instrumentation/capture_corpus.sh: line 22: 23249 Abort trap: 6           BIBE_TRACE="$OUT/$base.log" "$OUT/$base" > /dev/null 2> "$OUT/$base.asan"
instrumentation/capture_corpus.sh: line 22: 23258 Abort trap: 6           BIBE_TRACE="$OUT/$base.log" "$OUT/$base" > /dev/null 2> "$OUT/$base.asan"
instrumentation/capture_corpus.sh: line 22: 23266 Abort trap: 6           BIBE_TRACE="$OUT/$base.log" "$OUT/$base" > /dev/null 2> "$OUT/$base.asan"
instrumentation/capture_corpus.sh: line 22: 23288 Abort trap: 6           BIBE_TRACE="$OUT/$base.log" "$OUT/$base" > /dev/null 2> "$OUT/$base.asan"
instrumentation/capture_corpus.sh: line 22: 23296 Abort trap: 6           BIBE_TRACE="$OUT/$base.log" "$OUT/$base" > /dev/null 2> "$OUT/$base.asan"
instrumentation/capture_corpus.sh: line 22: 23304 Abort trap: 6           BIBE_TRACE="$OUT/$base.log" "$OUT/$base" > /dev/null 2> "$OUT/$base.asan"
instrumentation/capture_corpus.sh: line 22: 23327 Abort trap: 6           BIBE_TRACE="$OUT/$base.log" "$OUT/$base" > /dev/null 2> "$OUT/$base.asan"
instrumentation/capture_corpus.sh: line 22: 23335 Abort trap: 6           BIBE_TRACE="$OUT/$base.log" "$OUT/$base" > /dev/null 2> "$OUT/$base.asan"
instrumentation/capture_corpus.sh: line 22: 23372 Abort trap: 6           BIBE_TRACE="$OUT/$base.log" "$OUT/$base" > /dev/null 2> "$OUT/$base.asan"
instrumentation/capture_corpus.sh: line 22: 23387 Abort trap: 6           BIBE_TRACE="$OUT/$base.log" "$OUT/$base" > /dev/null 2> "$OUT/$base.asan"
instrumentation/capture_corpus.sh: line 22: 23409 Abort trap: 6           BIBE_TRACE="$OUT/$base.log" "$OUT/$base" > /dev/null 2> "$OUT/$base.asan"
instrumentation/capture_corpus.sh: line 22: 23417 Abort trap: 6           BIBE_TRACE="$OUT/$base.log" "$OUT/$base" > /dev/null 2> "$OUT/$base.asan"
instrumentation/capture_corpus.sh: line 22: 23476 Abort trap: 6           BIBE_TRACE="$OUT/$base.log" "$OUT/$base" > /dev/null 2> "$OUT/$base.asan"
instrumentation/capture_corpus.sh: line 22: 23484 Abort trap: 6           BIBE_TRACE="$OUT/$base.log" "$OUT/$base" > /dev/null 2> "$OUT/$base.asan"
instrumentation/capture_corpus.sh: line 22: 23493 Abort trap: 6           BIBE_TRACE="$OUT/$base.log" "$OUT/$base" > /dev/null 2> "$OUT/$base.asan"
instrumentation/capture_corpus.sh: line 22: 23501 Abort trap: 6           BIBE_TRACE="$OUT/$base.log" "$OUT/$base" > /dev/null 2> "$OUT/$base.asan"
instrumentation/capture_corpus.sh: line 22: 23509 Abort trap: 6           BIBE_TRACE="$OUT/$base.log" "$OUT/$base" > /dev/null 2> "$OUT/$base.asan"
instrumentation/capture_corpus.sh: line 22: 23517 Abort trap: 6           BIBE_TRACE="$OUT/$base.log" "$OUT/$base" > /dev/null 2> "$OUT/$base.asan"
instrumentation/capture_corpus.sh: line 22: 23540 Abort trap: 6           BIBE_TRACE="$OUT/$base.log" "$OUT/$base" > /dev/null 2> "$OUT/$base.asan"
instrumentation/capture_corpus.sh: line 22: 23548 Abort trap: 6           BIBE_TRACE="$OUT/$base.log" "$OUT/$base" > /dev/null 2> "$OUT/$base.asan"
instrumentation/capture_corpus.sh: line 22: 23556 Abort trap: 6           BIBE_TRACE="$OUT/$base.log" "$OUT/$base" > /dev/null 2> "$OUT/$base.asan"
instrumentation/capture_corpus.sh: line 22: 23564 Abort trap: 6           BIBE_TRACE="$OUT/$base.log" "$OUT/$base" > /dev/null 2> "$OUT/$base.asan"
instrumentation/capture_corpus.sh: line 22: 23580 Abort trap: 6           BIBE_TRACE="$OUT/$base.log" "$OUT/$base" > /dev/null 2> "$OUT/$base.asan"
instrumentation/capture_corpus.sh: line 22: 23588 Abort trap: 6           BIBE_TRACE="$OUT/$base.log" "$OUT/$base" > /dev/null 2> "$OUT/$base.asan"
instrumentation/capture_corpus.sh: line 22: 23610 Abort trap: 6           BIBE_TRACE="$OUT/$base.log" "$OUT/$base" > /dev/null 2> "$OUT/$base.asan"
instrumentation/capture_corpus.sh: line 22: 23640 Abort trap: 6           BIBE_TRACE="$OUT/$base.log" "$OUT/$base" > /dev/null 2> "$OUT/$base.asan"
instrumentation/capture_corpus.sh: line 22: 23648 Abort trap: 6           BIBE_TRACE="$OUT/$base.log" "$OUT/$base" > /dev/null 2> "$OUT/$base.asan"
instrumentation/capture_corpus.sh: line 22: 23663 Abort trap: 6           BIBE_TRACE="$OUT/$base.log" "$OUT/$base" > /dev/null 2> "$OUT/$base.asan"
instrumentation/capture_corpus.sh: line 22: 23671 Abort trap: 6           BIBE_TRACE="$OUT/$base.log" "$OUT/$base" > /dev/null 2> "$OUT/$base.asan"
instrumentation/capture_corpus.sh: line 22: 23686 Abort trap: 6           BIBE_TRACE="$OUT/$base.log" "$OUT/$base" > /dev/null 2> "$OUT/$base.asan"
instrumentation/capture_corpus.sh: line 22: 23695 Abort trap: 6           BIBE_TRACE="$OUT/$base.log" "$OUT/$base" > /dev/null 2> "$OUT/$base.asan"
instrumentation/capture_corpus.sh: line 22: 23703 Abort trap: 6           BIBE_TRACE="$OUT/$base.log" "$OUT/$base" > /dev/null 2> "$OUT/$base.asan"
instrumentation/capture_corpus.sh: line 22: 23711 Abort trap: 6           BIBE_TRACE="$OUT/$base.log" "$OUT/$base" > /dev/null 2> "$OUT/$base.asan"
instrumentation/capture_corpus.sh: line 22: 23719 Abort trap: 6           BIBE_TRACE="$OUT/$base.log" "$OUT/$base" > /dev/null 2> "$OUT/$base.asan"
instrumentation/capture_corpus.sh: line 22: 23727 Abort trap: 6           BIBE_TRACE="$OUT/$base.log" "$OUT/$base" > /dev/null 2> "$OUT/$base.asan"
instrumentation/capture_corpus.sh: line 22: 23742 Abort trap: 6           BIBE_TRACE="$OUT/$base.log" "$OUT/$base" > /dev/null 2> "$OUT/$base.asan"
instrumentation/capture_corpus.sh: line 22: 23751 Abort trap: 6           BIBE_TRACE="$OUT/$base.log" "$OUT/$base" > /dev/null 2> "$OUT/$base.asan"
instrumentation/capture_corpus.sh: line 22: 23766 Abort trap: 6           BIBE_TRACE="$OUT/$base.log" "$OUT/$base" > /dev/null 2> "$OUT/$base.asan"
instrumentation/capture_corpus.sh: line 22: 23774 Abort trap: 6           BIBE_TRACE="$OUT/$base.log" "$OUT/$base" > /dev/null 2> "$OUT/$base.asan"
instrumentation/capture_corpus.sh: line 22: 23789 Abort trap: 6           BIBE_TRACE="$OUT/$base.log" "$OUT/$base" > /dev/null 2> "$OUT/$base.asan"
instrumentation/capture_corpus.sh: line 22: 23797 Abort trap: 6           BIBE_TRACE="$OUT/$base.log" "$OUT/$base" > /dev/null 2> "$OUT/$base.asan"
instrumentation/capture_corpus.sh: line 22: 23806 Abort trap: 6           BIBE_TRACE="$OUT/$base.log" "$OUT/$base" > /dev/null 2> "$OUT/$base.asan"
instrumentation/capture_corpus.sh: line 22: 23814 Abort trap: 6           BIBE_TRACE="$OUT/$base.log" "$OUT/$base" > /dev/null 2> "$OUT/$base.asan"
instrumentation/capture_corpus.sh: line 22: 23822 Abort trap: 6           BIBE_TRACE="$OUT/$base.log" "$OUT/$base" > /dev/null 2> "$OUT/$base.asan"
instrumentation/capture_corpus.sh: line 22: 23851 Abort trap: 6           BIBE_TRACE="$OUT/$base.log" "$OUT/$base" > /dev/null 2> "$OUT/$base.asan"
instrumentation/capture_corpus.sh: line 22: 23859 Abort trap: 6           BIBE_TRACE="$OUT/$base.log" "$OUT/$base" > /dev/null 2> "$OUT/$base.asan"
instrumentation/capture_corpus.sh: line 22: 23875 Abort trap: 6           BIBE_TRACE="$OUT/$base.log" "$OUT/$base" > /dev/null 2> "$OUT/$base.asan"
instrumentation/capture_corpus.sh: line 22: 23940 Abort trap: 6           BIBE_TRACE="$OUT/$base.log" "$OUT/$base" > /dev/null 2> "$OUT/$base.asan"
instrumentation/capture_corpus.sh: line 22: 23949 Abort trap: 6           BIBE_TRACE="$OUT/$base.log" "$OUT/$base" > /dev/null 2> "$OUT/$base.asan"
instrumentation/capture_corpus.sh: line 22: 23964 Abort trap: 6           BIBE_TRACE="$OUT/$base.log" "$OUT/$base" > /dev/null 2> "$OUT/$base.asan"
instrumentation/capture_corpus.sh: line 22: 23972 Abort trap: 6           BIBE_TRACE="$OUT/$base.log" "$OUT/$base" > /dev/null 2> "$OUT/$base.asan"
instrumentation/capture_corpus.sh: line 22: 23987 Abort trap: 6           BIBE_TRACE="$OUT/$base.log" "$OUT/$base" > /dev/null 2> "$OUT/$base.asan"
instrumentation/capture_corpus.sh: line 22: 23995 Abort trap: 6           BIBE_TRACE="$OUT/$base.log" "$OUT/$base" > /dev/null 2> "$OUT/$base.asan"
instrumentation/capture_corpus.sh: line 22: 24012 Abort trap: 6           BIBE_TRACE="$OUT/$base.log" "$OUT/$base" > /dev/null 2> "$OUT/$base.asan"
instrumentation/capture_corpus.sh: line 22: 24041 Abort trap: 6           BIBE_TRACE="$OUT/$base.log" "$OUT/$base" > /dev/null 2> "$OUT/$base.asan"
instrumentation/capture_corpus.sh: line 22: 24049 Abort trap: 6           BIBE_TRACE="$OUT/$base.log" "$OUT/$base" > /dev/null 2> "$OUT/$base.asan"
instrumentation/capture_corpus.sh: line 22: 24109 Abort trap: 6           BIBE_TRACE="$OUT/$base.log" "$OUT/$base" > /dev/null 2> "$OUT/$base.asan"
instrumentation/capture_corpus.sh: line 22: 24118 Abort trap: 6           BIBE_TRACE="$OUT/$base.log" "$OUT/$base" > /dev/null 2> "$OUT/$base.asan"
instrumentation/capture_corpus.sh: line 22: 24133 Abort trap: 6           BIBE_TRACE="$OUT/$base.log" "$OUT/$base" > /dev/null 2> "$OUT/$base.asan"
instrumentation/capture_corpus.sh: line 22: 24177 Abort trap: 6           BIBE_TRACE="$OUT/$base.log" "$OUT/$base" > /dev/null 2> "$OUT/$base.asan"
instrumentation/capture_corpus.sh: line 22: 24185 Abort trap: 6           BIBE_TRACE="$OUT/$base.log" "$OUT/$base" > /dev/null 2> "$OUT/$base.asan"
instrumentation/capture_corpus.sh: line 22: 24200 Abort trap: 6           BIBE_TRACE="$OUT/$base.log" "$OUT/$base" > /dev/null 2> "$OUT/$base.asan"
instrumentation/capture_corpus.sh: line 22: 24215 Abort trap: 6           BIBE_TRACE="$OUT/$base.log" "$OUT/$base" > /dev/null 2> "$OUT/$base.asan"
instrumentation/capture_corpus.sh: line 22: 24223 Abort trap: 6           BIBE_TRACE="$OUT/$base.log" "$OUT/$base" > /dev/null 2> "$OUT/$base.asan"
instrumentation/capture_corpus.sh: line 22: 24239 Abort trap: 6           BIBE_TRACE="$OUT/$base.log" "$OUT/$base" > /dev/null 2> "$OUT/$base.asan"
instrumentation/capture_corpus.sh: line 22: 24247 Abort trap: 6           BIBE_TRACE="$OUT/$base.log" "$OUT/$base" > /dev/null 2> "$OUT/$base.asan"
instrumentation/capture_corpus.sh: line 22: 24256 Abort trap: 6           BIBE_TRACE="$OUT/$base.log" "$OUT/$base" > /dev/null 2> "$OUT/$base.asan"
instrumentation/capture_corpus.sh: line 22: 24281 Abort trap: 6           BIBE_TRACE="$OUT/$base.log" "$OUT/$base" > /dev/null 2> "$OUT/$base.asan"
instrumentation/capture_corpus.sh: line 22: 24290 Abort trap: 6           BIBE_TRACE="$OUT/$base.log" "$OUT/$base" > /dev/null 2> "$OUT/$base.asan"
instrumentation/capture_corpus.sh: line 22: 24298 Abort trap: 6           BIBE_TRACE="$OUT/$base.log" "$OUT/$base" > /dev/null 2> "$OUT/$base.asan"
instrumentation/capture_corpus.sh: line 22: 24314 Abort trap: 6           BIBE_TRACE="$OUT/$base.log" "$OUT/$base" > /dev/null 2> "$OUT/$base.asan"
instrumentation/capture_corpus.sh: line 22: 24337 Abort trap: 6           BIBE_TRACE="$OUT/$base.log" "$OUT/$base" > /dev/null 2> "$OUT/$base.asan"
instrumentation/capture_corpus.sh: line 22: 24368 Abort trap: 6           BIBE_TRACE="$OUT/$base.log" "$OUT/$base" > /dev/null 2> "$OUT/$base.asan"
instrumentation/capture_corpus.sh: line 22: 24377 Abort trap: 6           BIBE_TRACE="$OUT/$base.log" "$OUT/$base" > /dev/null 2> "$OUT/$base.asan"
instrumentation/capture_corpus.sh: line 22: 24385 Abort trap: 6           BIBE_TRACE="$OUT/$base.log" "$OUT/$base" > /dev/null 2> "$OUT/$base.asan"
instrumentation/capture_corpus.sh: line 22: 24400 Abort trap: 6           BIBE_TRACE="$OUT/$base.log" "$OUT/$base" > /dev/null 2> "$OUT/$base.asan"
instrumentation/capture_corpus.sh: line 22: 24408 Abort trap: 6           BIBE_TRACE="$OUT/$base.log" "$OUT/$base" > /dev/null 2> "$OUT/$base.asan"
instrumentation/capture_corpus.sh: line 22: 24431 Abort trap: 6           BIBE_TRACE="$OUT/$base.log" "$OUT/$base" > /dev/null 2> "$OUT/$base.asan"
instrumentation/capture_corpus.sh: line 22: 24453 Abort trap: 6           BIBE_TRACE="$OUT/$base.log" "$OUT/$base" > /dev/null 2> "$OUT/$base.asan"
instrumentation/capture_corpus.sh: line 22: 24468 Abort trap: 6           BIBE_TRACE="$OUT/$base.log" "$OUT/$base" > /dev/null 2> "$OUT/$base.asan"
instrumentation/capture_corpus.sh: line 22: 24491 Abort trap: 6           BIBE_TRACE="$OUT/$base.log" "$OUT/$base" > /dev/null 2> "$OUT/$base.asan"
instrumentation/capture_corpus.sh: line 22: 24506 Abort trap: 6           BIBE_TRACE="$OUT/$base.log" "$OUT/$base" > /dev/null 2> "$OUT/$base.asan"
instrumentation/capture_corpus.sh: line 22: 24514 Abort trap: 6           BIBE_TRACE="$OUT/$base.log" "$OUT/$base" > /dev/null 2> "$OUT/$base.asan"
instrumentation/capture_corpus.sh: line 22: 24522 Abort trap: 6           BIBE_TRACE="$OUT/$base.log" "$OUT/$base" > /dev/null 2> "$OUT/$base.asan"
instrumentation/capture_corpus.sh: line 22: 24546 Abort trap: 6           BIBE_TRACE="$OUT/$base.log" "$OUT/$base" > /dev/null 2> "$OUT/$base.asan"
instrumentation/capture_corpus.sh: line 22: 24561 Abort trap: 6           BIBE_TRACE="$OUT/$base.log" "$OUT/$base" > /dev/null 2> "$OUT/$base.asan"
instrumentation/capture_corpus.sh: line 22: 24590 Abort trap: 6           BIBE_TRACE="$OUT/$base.log" "$OUT/$base" > /dev/null 2> "$OUT/$base.asan"
instrumentation/capture_corpus.sh: line 22: 24606 Abort trap: 6           BIBE_TRACE="$OUT/$base.log" "$OUT/$base" > /dev/null 2> "$OUT/$base.asan"
instrumentation/capture_corpus.sh: line 22: 24614 Abort trap: 6           BIBE_TRACE="$OUT/$base.log" "$OUT/$base" > /dev/null 2> "$OUT/$base.asan"
instrumentation/capture_corpus.sh: line 22: 24636 Abort trap: 6           BIBE_TRACE="$OUT/$base.log" "$OUT/$base" > /dev/null 2> "$OUT/$base.asan"
instrumentation/capture_corpus.sh: line 22: 24658 Abort trap: 6           BIBE_TRACE="$OUT/$base.log" "$OUT/$base" > /dev/null 2> "$OUT/$base.asan"
instrumentation/capture_corpus.sh: line 22: 24674 Abort trap: 6           BIBE_TRACE="$OUT/$base.log" "$OUT/$base" > /dev/null 2> "$OUT/$base.asan"
instrumentation/capture_corpus.sh: line 22: 24704 Abort trap: 6           BIBE_TRACE="$OUT/$base.log" "$OUT/$base" > /dev/null 2> "$OUT/$base.asan"
instrumentation/capture_corpus.sh: line 22: 24712 Abort trap: 6           BIBE_TRACE="$OUT/$base.log" "$OUT/$base" > /dev/null 2> "$OUT/$base.asan"
instrumentation/capture_corpus.sh: line 22: 24728 Abort trap: 6           BIBE_TRACE="$OUT/$base.log" "$OUT/$base" > /dev/null 2> "$OUT/$base.asan"
instrumentation/capture_corpus.sh: line 22: 24743 Abort trap: 6           BIBE_TRACE="$OUT/$base.log" "$OUT/$base" > /dev/null 2> "$OUT/$base.asan"
instrumentation/capture_corpus.sh: line 22: 24758 Abort trap: 6           BIBE_TRACE="$OUT/$base.log" "$OUT/$base" > /dev/null 2> "$OUT/$base.asan"
instrumentation/capture_corpus.sh: line 22: 24773 Abort trap: 6           BIBE_TRACE="$OUT/$base.log" "$OUT/$base" > /dev/null 2> "$OUT/$base.asan"
instrumentation/capture_corpus.sh: line 22: 24782 Abort trap: 6           BIBE_TRACE="$OUT/$base.log" "$OUT/$base" > /dev/null 2> "$OUT/$base.asan"
instrumentation/capture_corpus.sh: line 22: 24790 Abort trap: 6           BIBE_TRACE="$OUT/$base.log" "$OUT/$base" > /dev/null 2> "$OUT/$base.asan"
instrumentation/capture_corpus.sh: line 22: 24813 Abort trap: 6           BIBE_TRACE="$OUT/$base.log" "$OUT/$base" > /dev/null 2> "$OUT/$base.asan"
instrumentation/capture_corpus.sh: line 22: 24821 Abort trap: 6           BIBE_TRACE="$OUT/$base.log" "$OUT/$base" > /dev/null 2> "$OUT/$base.asan"
instrumentation/capture_corpus.sh: line 22: 24858 Abort trap: 6           BIBE_TRACE="$OUT/$base.log" "$OUT/$base" > /dev/null 2> "$OUT/$base.asan"
instrumentation/capture_corpus.sh: line 22: 24895 Abort trap: 6           BIBE_TRACE="$OUT/$base.log" "$OUT/$base" > /dev/null 2> "$OUT/$base.asan"
instrumentation/capture_corpus.sh: line 22: 24932 Abort trap: 6           BIBE_TRACE="$OUT/$base.log" "$OUT/$base" > /dev/null 2> "$OUT/$base.asan"
instrumentation/capture_corpus.sh: line 22: 24940 Abort trap: 6           BIBE_TRACE="$OUT/$base.log" "$OUT/$base" > /dev/null 2> "$OUT/$base.asan"
instrumentation/capture_corpus.sh: line 22: 24948 Abort trap: 6           BIBE_TRACE="$OUT/$base.log" "$OUT/$base" > /dev/null 2> "$OUT/$base.asan"
instrumentation/capture_corpus.sh: line 22: 24963 Abort trap: 6           BIBE_TRACE="$OUT/$base.log" "$OUT/$base" > /dev/null 2> "$OUT/$base.asan"
instrumentation/capture_corpus.sh: line 22: 24993 Abort trap: 6           BIBE_TRACE="$OUT/$base.log" "$OUT/$base" > /dev/null 2> "$OUT/$base.asan"
instrumentation/capture_corpus.sh: line 22: 25022 Abort trap: 6           BIBE_TRACE="$OUT/$base.log" "$OUT/$base" > /dev/null 2> "$OUT/$base.asan"
instrumentation/capture_corpus.sh: line 22: 25045 Abort trap: 6           BIBE_TRACE="$OUT/$base.log" "$OUT/$base" > /dev/null 2> "$OUT/$base.asan"
instrumentation/capture_corpus.sh: line 22: 25053 Abort trap: 6           BIBE_TRACE="$OUT/$base.log" "$OUT/$base" > /dev/null 2> "$OUT/$base.asan"
instrumentation/capture_corpus.sh: line 22: 25068 Abort trap: 6           BIBE_TRACE="$OUT/$base.log" "$OUT/$base" > /dev/null 2> "$OUT/$base.asan"
instrumentation/capture_corpus.sh: line 22: 25076 Abort trap: 6           BIBE_TRACE="$OUT/$base.log" "$OUT/$base" > /dev/null 2> "$OUT/$base.asan"
instrumentation/capture_corpus.sh: line 22: 25084 Abort trap: 6           BIBE_TRACE="$OUT/$base.log" "$OUT/$base" > /dev/null 2> "$OUT/$base.asan"
instrumentation/capture_corpus.sh: line 22: 25100 Abort trap: 6           BIBE_TRACE="$OUT/$base.log" "$OUT/$base" > /dev/null 2> "$OUT/$base.asan"
instrumentation/capture_corpus.sh: line 22: 25108 Abort trap: 6           BIBE_TRACE="$OUT/$base.log" "$OUT/$base" > /dev/null 2> "$OUT/$base.asan"
instrumentation/capture_corpus.sh: line 22: 25116 Abort trap: 6           BIBE_TRACE="$OUT/$base.log" "$OUT/$base" > /dev/null 2> "$OUT/$base.asan"
instrumentation/capture_corpus.sh: line 22: 25131 Abort trap: 6           BIBE_TRACE="$OUT/$base.log" "$OUT/$base" > /dev/null 2> "$OUT/$base.asan"
instrumentation/capture_corpus.sh: line 22: 25140 Abort trap: 6           BIBE_TRACE="$OUT/$base.log" "$OUT/$base" > /dev/null 2> "$OUT/$base.asan"
instrumentation/capture_corpus.sh: line 22: 25163 Abort trap: 6           BIBE_TRACE="$OUT/$base.log" "$OUT/$base" > /dev/null 2> "$OUT/$base.asan"
instrumentation/capture_corpus.sh: line 22: 25171 Abort trap: 6           BIBE_TRACE="$OUT/$base.log" "$OUT/$base" > /dev/null 2> "$OUT/$base.asan"
instrumentation/capture_corpus.sh: line 22: 25179 Abort trap: 6           BIBE_TRACE="$OUT/$base.log" "$OUT/$base" > /dev/null 2> "$OUT/$base.asan"
instrumentation/capture_corpus.sh: line 22: 25187 Abort trap: 6           BIBE_TRACE="$OUT/$base.log" "$OUT/$base" > /dev/null 2> "$OUT/$base.asan"
instrumentation/capture_corpus.sh: line 22: 25203 Abort trap: 6           BIBE_TRACE="$OUT/$base.log" "$OUT/$base" > /dev/null 2> "$OUT/$base.asan"
instrumentation/capture_corpus.sh: line 22: 25218 Abort trap: 6           BIBE_TRACE="$OUT/$base.log" "$OUT/$base" > /dev/null 2> "$OUT/$base.asan"
instrumentation/capture_corpus.sh: line 22: 25255 Abort trap: 6           BIBE_TRACE="$OUT/$base.log" "$OUT/$base" > /dev/null 2> "$OUT/$base.asan"
instrumentation/capture_corpus.sh: line 22: 25285 Abort trap: 6           BIBE_TRACE="$OUT/$base.log" "$OUT/$base" > /dev/null 2> "$OUT/$base.asan"
instrumentation/capture_corpus.sh: line 22: 25293 Abort trap: 6           BIBE_TRACE="$OUT/$base.log" "$OUT/$base" > /dev/null 2> "$OUT/$base.asan"
instrumentation/capture_corpus.sh: line 22: 25301 Abort trap: 6           BIBE_TRACE="$OUT/$base.log" "$OUT/$base" > /dev/null 2> "$OUT/$base.asan"
instrumentation/capture_corpus.sh: line 22: 25330 Abort trap: 6           BIBE_TRACE="$OUT/$base.log" "$OUT/$base" > /dev/null 2> "$OUT/$base.asan"
instrumentation/capture_corpus.sh: line 22: 25346 Abort trap: 6           BIBE_TRACE="$OUT/$base.log" "$OUT/$base" > /dev/null 2> "$OUT/$base.asan"
instrumentation/capture_corpus.sh: line 22: 25354 Abort trap: 6           BIBE_TRACE="$OUT/$base.log" "$OUT/$base" > /dev/null 2> "$OUT/$base.asan"
instrumentation/capture_corpus.sh: line 22: 25362 Abort trap: 6           BIBE_TRACE="$OUT/$base.log" "$OUT/$base" > /dev/null 2> "$OUT/$base.asan"
instrumentation/capture_corpus.sh: line 22: 25370 Abort trap: 6           BIBE_TRACE="$OUT/$base.log" "$OUT/$base" > /dev/null 2> "$OUT/$base.asan"
instrumentation/capture_corpus.sh: line 22: 25378 Abort trap: 6           BIBE_TRACE="$OUT/$base.log" "$OUT/$base" > /dev/null 2> "$OUT/$base.asan"
instrumentation/capture_corpus.sh: line 22: 25408 Abort trap: 6           BIBE_TRACE="$OUT/$base.log" "$OUT/$base" > /dev/null 2> "$OUT/$base.asan"
instrumentation/capture_corpus.sh: line 22: 25416 Abort trap: 6           BIBE_TRACE="$OUT/$base.log" "$OUT/$base" > /dev/null 2> "$OUT/$base.asan"
instrumentation/capture_corpus.sh: line 22: 25438 Abort trap: 6           BIBE_TRACE="$OUT/$base.log" "$OUT/$base" > /dev/null 2> "$OUT/$base.asan"
instrumentation/capture_corpus.sh: line 22: 25446 Abort trap: 6           BIBE_TRACE="$OUT/$base.log" "$OUT/$base" > /dev/null 2> "$OUT/$base.asan"
instrumentation/capture_corpus.sh: line 22: 25455 Abort trap: 6           BIBE_TRACE="$OUT/$base.log" "$OUT/$base" > /dev/null 2> "$OUT/$base.asan"
instrumentation/capture_corpus.sh: line 22: 25470 Abort trap: 6           BIBE_TRACE="$OUT/$base.log" "$OUT/$base" > /dev/null 2> "$OUT/$base.asan"
instrumentation/capture_corpus.sh: line 22: 25492 Abort trap: 6           BIBE_TRACE="$OUT/$base.log" "$OUT/$base" > /dev/null 2> "$OUT/$base.asan"
instrumentation/capture_corpus.sh: line 22: 25508 Abort trap: 6           BIBE_TRACE="$OUT/$base.log" "$OUT/$base" > /dev/null 2> "$OUT/$base.asan"
instrumentation/capture_corpus.sh: line 22: 25516 Abort trap: 6           BIBE_TRACE="$OUT/$base.log" "$OUT/$base" > /dev/null 2> "$OUT/$base.asan"
instrumentation/capture_corpus.sh: line 22: 25531 Abort trap: 6           BIBE_TRACE="$OUT/$base.log" "$OUT/$base" > /dev/null 2> "$OUT/$base.asan"
instrumentation/capture_corpus.sh: line 22: 25542 Abort trap: 6           BIBE_TRACE="$OUT/$base.log" "$OUT/$base" > /dev/null 2> "$OUT/$base.asan"
instrumentation/capture_corpus.sh: line 22: 25557 Abort trap: 6           BIBE_TRACE="$OUT/$base.log" "$OUT/$base" > /dev/null 2> "$OUT/$base.asan"
instrumentation/capture_corpus.sh: line 22: 25566 Abort trap: 6           BIBE_TRACE="$OUT/$base.log" "$OUT/$base" > /dev/null 2> "$OUT/$base.asan"
instrumentation/capture_corpus.sh: line 22: 25574 Abort trap: 6           BIBE_TRACE="$OUT/$base.log" "$OUT/$base" > /dev/null 2> "$OUT/$base.asan"
instrumentation/capture_corpus.sh: line 22: 25589 Abort trap: 6           BIBE_TRACE="$OUT/$base.log" "$OUT/$base" > /dev/null 2> "$OUT/$base.asan"
instrumentation/capture_corpus.sh: line 22: 25612 Abort trap: 6           BIBE_TRACE="$OUT/$base.log" "$OUT/$base" > /dev/null 2> "$OUT/$base.asan"
instrumentation/capture_corpus.sh: line 22: 25635 Abort trap: 6           BIBE_TRACE="$OUT/$base.log" "$OUT/$base" > /dev/null 2> "$OUT/$base.asan"
instrumentation/capture_corpus.sh: line 22: 25644 Abort trap: 6           BIBE_TRACE="$OUT/$base.log" "$OUT/$base" > /dev/null 2> "$OUT/$base.asan"
instrumentation/capture_corpus.sh: line 22: 25674 Abort trap: 6           BIBE_TRACE="$OUT/$base.log" "$OUT/$base" > /dev/null 2> "$OUT/$base.asan"
instrumentation/capture_corpus.sh: line 22: 25697 Abort trap: 6           BIBE_TRACE="$OUT/$base.log" "$OUT/$base" > /dev/null 2> "$OUT/$base.asan"
instrumentation/capture_corpus.sh: line 22: 25706 Abort trap: 6           BIBE_TRACE="$OUT/$base.log" "$OUT/$base" > /dev/null 2> "$OUT/$base.asan"
instrumentation/capture_corpus.sh: line 22: 25744 Abort trap: 6           BIBE_TRACE="$OUT/$base.log" "$OUT/$base" > /dev/null 2> "$OUT/$base.asan"
instrumentation/capture_corpus.sh: line 22: 25760 Abort trap: 6           BIBE_TRACE="$OUT/$base.log" "$OUT/$base" > /dev/null 2> "$OUT/$base.asan"
instrumentation/capture_corpus.sh: line 22: 25776 Abort trap: 6           BIBE_TRACE="$OUT/$base.log" "$OUT/$base" > /dev/null 2> "$OUT/$base.asan"
instrumentation/capture_corpus.sh: line 22: 25784 Abort trap: 6           BIBE_TRACE="$OUT/$base.log" "$OUT/$base" > /dev/null 2> "$OUT/$base.asan"
instrumentation/capture_corpus.sh: line 22: 25821 Abort trap: 6           BIBE_TRACE="$OUT/$base.log" "$OUT/$base" > /dev/null 2> "$OUT/$base.asan"
instrumentation/capture_corpus.sh: line 22: 25830 Abort trap: 6           BIBE_TRACE="$OUT/$base.log" "$OUT/$base" > /dev/null 2> "$OUT/$base.asan"
instrumentation/capture_corpus.sh: line 22: 25838 Abort trap: 6           BIBE_TRACE="$OUT/$base.log" "$OUT/$base" > /dev/null 2> "$OUT/$base.asan"
instrumentation/capture_corpus.sh: line 22: 25853 Abort trap: 6           BIBE_TRACE="$OUT/$base.log" "$OUT/$base" > /dev/null 2> "$OUT/$base.asan"
instrumentation/capture_corpus.sh: line 22: 25868 Abort trap: 6           BIBE_TRACE="$OUT/$base.log" "$OUT/$base" > /dev/null 2> "$OUT/$base.asan"
instrumentation/capture_corpus.sh: line 22: 25891 Abort trap: 6           BIBE_TRACE="$OUT/$base.log" "$OUT/$base" > /dev/null 2> "$OUT/$base.asan"
instrumentation/capture_corpus.sh: line 22: 25899 Abort trap: 6           BIBE_TRACE="$OUT/$base.log" "$OUT/$base" > /dev/null 2> "$OUT/$base.asan"
instrumentation/capture_corpus.sh: line 22: 25914 Abort trap: 6           BIBE_TRACE="$OUT/$base.log" "$OUT/$base" > /dev/null 2> "$OUT/$base.asan"
instrumentation/capture_corpus.sh: line 22: 25922 Abort trap: 6           BIBE_TRACE="$OUT/$base.log" "$OUT/$base" > /dev/null 2> "$OUT/$base.asan"
instrumentation/capture_corpus.sh: line 22: 25930 Abort trap: 6           BIBE_TRACE="$OUT/$base.log" "$OUT/$base" > /dev/null 2> "$OUT/$base.asan"
instrumentation/capture_corpus.sh: line 22: 25938 Abort trap: 6           BIBE_TRACE="$OUT/$base.log" "$OUT/$base" > /dev/null 2> "$OUT/$base.asan"
instrumentation/capture_corpus.sh: line 22: 25947 Abort trap: 6           BIBE_TRACE="$OUT/$base.log" "$OUT/$base" > /dev/null 2> "$OUT/$base.asan"
instrumentation/capture_corpus.sh: line 22: 25962 Abort trap: 6           BIBE_TRACE="$OUT/$base.log" "$OUT/$base" > /dev/null 2> "$OUT/$base.asan"
instrumentation/capture_corpus.sh: line 22: 25970 Abort trap: 6           BIBE_TRACE="$OUT/$base.log" "$OUT/$base" > /dev/null 2> "$OUT/$base.asan"
instrumentation/capture_corpus.sh: line 22: 25993 Abort trap: 6           BIBE_TRACE="$OUT/$base.log" "$OUT/$base" > /dev/null 2> "$OUT/$base.asan"
instrumentation/capture_corpus.sh: line 22: 26002 Abort trap: 6           BIBE_TRACE="$OUT/$base.log" "$OUT/$base" > /dev/null 2> "$OUT/$base.asan"
instrumentation/capture_corpus.sh: line 22: 26033 Abort trap: 6           BIBE_TRACE="$OUT/$base.log" "$OUT/$base" > /dev/null 2> "$OUT/$base.asan"
instrumentation/capture_corpus.sh: line 22: 26048 Abort trap: 6           BIBE_TRACE="$OUT/$base.log" "$OUT/$base" > /dev/null 2> "$OUT/$base.asan"
instrumentation/capture_corpus.sh: line 22: 26058 Abort trap: 6           BIBE_TRACE="$OUT/$base.log" "$OUT/$base" > /dev/null 2> "$OUT/$base.asan"
instrumentation/capture_corpus.sh: line 22: 26066 Abort trap: 6           BIBE_TRACE="$OUT/$base.log" "$OUT/$base" > /dev/null 2> "$OUT/$base.asan"
instrumentation/capture_corpus.sh: line 22: 26089 Abort trap: 6           BIBE_TRACE="$OUT/$base.log" "$OUT/$base" > /dev/null 2> "$OUT/$base.asan"
instrumentation/capture_corpus.sh: line 22: 26097 Abort trap: 6           BIBE_TRACE="$OUT/$base.log" "$OUT/$base" > /dev/null 2> "$OUT/$base.asan"
instrumentation/capture_corpus.sh: line 22: 26112 Abort trap: 6           BIBE_TRACE="$OUT/$base.log" "$OUT/$base" > /dev/null 2> "$OUT/$base.asan"
instrumentation/capture_corpus.sh: line 22: 26149 Abort trap: 6           BIBE_TRACE="$OUT/$base.log" "$OUT/$base" > /dev/null 2> "$OUT/$base.asan"
instrumentation/capture_corpus.sh: line 22: 26157 Abort trap: 6           BIBE_TRACE="$OUT/$base.log" "$OUT/$base" > /dev/null 2> "$OUT/$base.asan"
instrumentation/capture_corpus.sh: line 22: 26165 Abort trap: 6           BIBE_TRACE="$OUT/$base.log" "$OUT/$base" > /dev/null 2> "$OUT/$base.asan"
instrumentation/capture_corpus.sh: line 22: 26173 Abort trap: 6           BIBE_TRACE="$OUT/$base.log" "$OUT/$base" > /dev/null 2> "$OUT/$base.asan"
instrumentation/capture_corpus.sh: line 22: 26188 Abort trap: 6           BIBE_TRACE="$OUT/$base.log" "$OUT/$base" > /dev/null 2> "$OUT/$base.asan"
instrumentation/capture_corpus.sh: line 22: 26225 Abort trap: 6           BIBE_TRACE="$OUT/$base.log" "$OUT/$base" > /dev/null 2> "$OUT/$base.asan"
instrumentation/capture_corpus.sh: line 22: 26233 Abort trap: 6           BIBE_TRACE="$OUT/$base.log" "$OUT/$base" > /dev/null 2> "$OUT/$base.asan"
instrumentation/capture_corpus.sh: line 22: 26249 Abort trap: 6           BIBE_TRACE="$OUT/$base.log" "$OUT/$base" > /dev/null 2> "$OUT/$base.asan"
instrumentation/capture_corpus.sh: line 22: 26257 Abort trap: 6           BIBE_TRACE="$OUT/$base.log" "$OUT/$base" > /dev/null 2> "$OUT/$base.asan"
instrumentation/capture_corpus.sh: line 22: 26272 Abort trap: 6           BIBE_TRACE="$OUT/$base.log" "$OUT/$base" > /dev/null 2> "$OUT/$base.asan"
instrumentation/capture_corpus.sh: line 22: 26301 Abort trap: 6           BIBE_TRACE="$OUT/$base.log" "$OUT/$base" > /dev/null 2> "$OUT/$base.asan"
instrumentation/capture_corpus.sh: line 22: 26310 Abort trap: 6           BIBE_TRACE="$OUT/$base.log" "$OUT/$base" > /dev/null 2> "$OUT/$base.asan"
instrumentation/capture_corpus.sh: line 22: 26325 Abort trap: 6           BIBE_TRACE="$OUT/$base.log" "$OUT/$base" > /dev/null 2> "$OUT/$base.asan"
instrumentation/capture_corpus.sh: line 22: 26340 Abort trap: 6           BIBE_TRACE="$OUT/$base.log" "$OUT/$base" > /dev/null 2> "$OUT/$base.asan"
instrumentation/capture_corpus.sh: line 22: 26348 Abort trap: 6           BIBE_TRACE="$OUT/$base.log" "$OUT/$base" > /dev/null 2> "$OUT/$base.asan"
instrumentation/capture_corpus.sh: line 22: 26356 Abort trap: 6           BIBE_TRACE="$OUT/$base.log" "$OUT/$base" > /dev/null 2> "$OUT/$base.asan"
instrumentation/capture_corpus.sh: line 22: 26372 Abort trap: 6           BIBE_TRACE="$OUT/$base.log" "$OUT/$base" > /dev/null 2> "$OUT/$base.asan"
instrumentation/capture_corpus.sh: line 22: 26415 Abort trap: 6           BIBE_TRACE="$OUT/$base.log" "$OUT/$base" > /dev/null 2> "$OUT/$base.asan"
instrumentation/capture_corpus.sh: line 22: 26438 Abort trap: 6           BIBE_TRACE="$OUT/$base.log" "$OUT/$base" > /dev/null 2> "$OUT/$base.asan"
instrumentation/capture_corpus.sh: line 22: 26453 Abort trap: 6           BIBE_TRACE="$OUT/$base.log" "$OUT/$base" > /dev/null 2> "$OUT/$base.asan"
instrumentation/capture_corpus.sh: line 22: 26461 Abort trap: 6           BIBE_TRACE="$OUT/$base.log" "$OUT/$base" > /dev/null 2> "$OUT/$base.asan"
instrumentation/capture_corpus.sh: line 22: 26477 Abort trap: 6           BIBE_TRACE="$OUT/$base.log" "$OUT/$base" > /dev/null 2> "$OUT/$base.asan"
instrumentation/capture_corpus.sh: line 22: 26493 Abort trap: 6           BIBE_TRACE="$OUT/$base.log" "$OUT/$base" > /dev/null 2> "$OUT/$base.asan"
instrumentation/capture_corpus.sh: line 22: 26508 Abort trap: 6           BIBE_TRACE="$OUT/$base.log" "$OUT/$base" > /dev/null 2> "$OUT/$base.asan"
instrumentation/capture_corpus.sh: line 22: 26530 Abort trap: 6           BIBE_TRACE="$OUT/$base.log" "$OUT/$base" > /dev/null 2> "$OUT/$base.asan"
instrumentation/capture_corpus.sh: line 22: 26546 Abort trap: 6           BIBE_TRACE="$OUT/$base.log" "$OUT/$base" > /dev/null 2> "$OUT/$base.asan"
instrumentation/capture_corpus.sh: line 22: 26562 Abort trap: 6           BIBE_TRACE="$OUT/$base.log" "$OUT/$base" > /dev/null 2> "$OUT/$base.asan"
instrumentation/capture_corpus.sh: line 22: 26577 Abort trap: 6           BIBE_TRACE="$OUT/$base.log" "$OUT/$base" > /dev/null 2> "$OUT/$base.asan"
instrumentation/capture_corpus.sh: line 22: 26599 Abort trap: 6           BIBE_TRACE="$OUT/$base.log" "$OUT/$base" > /dev/null 2> "$OUT/$base.asan"
instrumentation/capture_corpus.sh: line 22: 26608 Abort trap: 6           BIBE_TRACE="$OUT/$base.log" "$OUT/$base" > /dev/null 2> "$OUT/$base.asan"
instrumentation/capture_corpus.sh: line 22: 26631 Abort trap: 6           BIBE_TRACE="$OUT/$base.log" "$OUT/$base" > /dev/null 2> "$OUT/$base.asan"
instrumentation/capture_corpus.sh: line 22: 26639 Abort trap: 6           BIBE_TRACE="$OUT/$base.log" "$OUT/$base" > /dev/null 2> "$OUT/$base.asan"
instrumentation/capture_corpus.sh: line 22: 26654 Abort trap: 6           BIBE_TRACE="$OUT/$base.log" "$OUT/$base" > /dev/null 2> "$OUT/$base.asan"
instrumentation/capture_corpus.sh: line 22: 26684 Abort trap: 6           BIBE_TRACE="$OUT/$base.log" "$OUT/$base" > /dev/null 2> "$OUT/$base.asan"
instrumentation/capture_corpus.sh: line 22: 26699 Abort trap: 6           BIBE_TRACE="$OUT/$base.log" "$OUT/$base" > /dev/null 2> "$OUT/$base.asan"
instrumentation/capture_corpus.sh: line 22: 26708 Abort trap: 6           BIBE_TRACE="$OUT/$base.log" "$OUT/$base" > /dev/null 2> "$OUT/$base.asan"
instrumentation/capture_corpus.sh: line 22: 26738 Abort trap: 6           BIBE_TRACE="$OUT/$base.log" "$OUT/$base" > /dev/null 2> "$OUT/$base.asan"
instrumentation/capture_corpus.sh: line 22: 26767 Abort trap: 6           BIBE_TRACE="$OUT/$base.log" "$OUT/$base" > /dev/null 2> "$OUT/$base.asan"
instrumentation/capture_corpus.sh: line 22: 26775 Abort trap: 6           BIBE_TRACE="$OUT/$base.log" "$OUT/$base" > /dev/null 2> "$OUT/$base.asan"
instrumentation/capture_corpus.sh: line 22: 26798 Abort trap: 6           BIBE_TRACE="$OUT/$base.log" "$OUT/$base" > /dev/null 2> "$OUT/$base.asan"
instrumentation/capture_corpus.sh: line 22: 26806 Abort trap: 6           BIBE_TRACE="$OUT/$base.log" "$OUT/$base" > /dev/null 2> "$OUT/$base.asan"
instrumentation/capture_corpus.sh: line 22: 26814 Abort trap: 6           BIBE_TRACE="$OUT/$base.log" "$OUT/$base" > /dev/null 2> "$OUT/$base.asan"
instrumentation/capture_corpus.sh: line 22: 26822 Abort trap: 6           BIBE_TRACE="$OUT/$base.log" "$OUT/$base" > /dev/null 2> "$OUT/$base.asan"
instrumentation/capture_corpus.sh: line 22: 26846 Abort trap: 6           BIBE_TRACE="$OUT/$base.log" "$OUT/$base" > /dev/null 2> "$OUT/$base.asan"
instrumentation/capture_corpus.sh: line 22: 26854 Abort trap: 6           BIBE_TRACE="$OUT/$base.log" "$OUT/$base" > /dev/null 2> "$OUT/$base.asan"
instrumentation/capture_corpus.sh: line 22: 26862 Abort trap: 6           BIBE_TRACE="$OUT/$base.log" "$OUT/$base" > /dev/null 2> "$OUT/$base.asan"
instrumentation/capture_corpus.sh: line 22: 26870 Abort trap: 6           BIBE_TRACE="$OUT/$base.log" "$OUT/$base" > /dev/null 2> "$OUT/$base.asan"
instrumentation/capture_corpus.sh: line 22: 26893 Abort trap: 6           BIBE_TRACE="$OUT/$base.log" "$OUT/$base" > /dev/null 2> "$OUT/$base.asan"
instrumentation/capture_corpus.sh: line 22: 26908 Abort trap: 6           BIBE_TRACE="$OUT/$base.log" "$OUT/$base" > /dev/null 2> "$OUT/$base.asan"
instrumentation/capture_corpus.sh: line 22: 26924 Abort trap: 6           BIBE_TRACE="$OUT/$base.log" "$OUT/$base" > /dev/null 2> "$OUT/$base.asan"
instrumentation/capture_corpus.sh: line 22: 26932 Abort trap: 6           BIBE_TRACE="$OUT/$base.log" "$OUT/$base" > /dev/null 2> "$OUT/$base.asan"
instrumentation/capture_corpus.sh: line 22: 26940 Abort trap: 6           BIBE_TRACE="$OUT/$base.log" "$OUT/$base" > /dev/null 2> "$OUT/$base.asan"
instrumentation/capture_corpus.sh: line 22: 26955 Abort trap: 6           BIBE_TRACE="$OUT/$base.log" "$OUT/$base" > /dev/null 2> "$OUT/$base.asan"
instrumentation/capture_corpus.sh: line 22: 26978 Abort trap: 6           BIBE_TRACE="$OUT/$base.log" "$OUT/$base" > /dev/null 2> "$OUT/$base.asan"
instrumentation/capture_corpus.sh: line 22: 26993 Abort trap: 6           BIBE_TRACE="$OUT/$base.log" "$OUT/$base" > /dev/null 2> "$OUT/$base.asan"
instrumentation/capture_corpus.sh: line 22: 27008 Abort trap: 6           BIBE_TRACE="$OUT/$base.log" "$OUT/$base" > /dev/null 2> "$OUT/$base.asan"
instrumentation/capture_corpus.sh: line 22: 27016 Abort trap: 6           BIBE_TRACE="$OUT/$base.log" "$OUT/$base" > /dev/null 2> "$OUT/$base.asan"
instrumentation/capture_corpus.sh: line 22: 27032 Abort trap: 6           BIBE_TRACE="$OUT/$base.log" "$OUT/$base" > /dev/null 2> "$OUT/$base.asan"
instrumentation/capture_corpus.sh: line 22: 27040 Abort trap: 6           BIBE_TRACE="$OUT/$base.log" "$OUT/$base" > /dev/null 2> "$OUT/$base.asan"
instrumentation/capture_corpus.sh: line 22: 27048 Abort trap: 6           BIBE_TRACE="$OUT/$base.log" "$OUT/$base" > /dev/null 2> "$OUT/$base.asan"
instrumentation/capture_corpus.sh: line 22: 27086 Abort trap: 6           BIBE_TRACE="$OUT/$base.log" "$OUT/$base" > /dev/null 2> "$OUT/$base.asan"
instrumentation/capture_corpus.sh: line 22: 27094 Abort trap: 6           BIBE_TRACE="$OUT/$base.log" "$OUT/$base" > /dev/null 2> "$OUT/$base.asan"
instrumentation/capture_corpus.sh: line 22: 27102 Abort trap: 6           BIBE_TRACE="$OUT/$base.log" "$OUT/$base" > /dev/null 2> "$OUT/$base.asan"
instrumentation/capture_corpus.sh: line 22: 27110 Abort trap: 6           BIBE_TRACE="$OUT/$base.log" "$OUT/$base" > /dev/null 2> "$OUT/$base.asan"
instrumentation/capture_corpus.sh: line 22: 27125 Abort trap: 6           BIBE_TRACE="$OUT/$base.log" "$OUT/$base" > /dev/null 2> "$OUT/$base.asan"
instrumentation/capture_corpus.sh: line 22: 27133 Abort trap: 6           BIBE_TRACE="$OUT/$base.log" "$OUT/$base" > /dev/null 2> "$OUT/$base.asan"
instrumentation/capture_corpus.sh: line 22: 27156 Abort trap: 6           BIBE_TRACE="$OUT/$base.log" "$OUT/$base" > /dev/null 2> "$OUT/$base.asan"
instrumentation/capture_corpus.sh: line 22: 27171 Abort trap: 6           BIBE_TRACE="$OUT/$base.log" "$OUT/$base" > /dev/null 2> "$OUT/$base.asan"
instrumentation/capture_corpus.sh: line 22: 27179 Abort trap: 6           BIBE_TRACE="$OUT/$base.log" "$OUT/$base" > /dev/null 2> "$OUT/$base.asan"
instrumentation/capture_corpus.sh: line 22: 27195 Abort trap: 6           BIBE_TRACE="$OUT/$base.log" "$OUT/$base" > /dev/null 2> "$OUT/$base.asan"
instrumentation/capture_corpus.sh: line 22: 27217 Abort trap: 6           BIBE_TRACE="$OUT/$base.log" "$OUT/$base" > /dev/null 2> "$OUT/$base.asan"
instrumentation/capture_corpus.sh: line 22: 27225 Abort trap: 6           BIBE_TRACE="$OUT/$base.log" "$OUT/$base" > /dev/null 2> "$OUT/$base.asan"
instrumentation/capture_corpus.sh: line 22: 27233 Abort trap: 6           BIBE_TRACE="$OUT/$base.log" "$OUT/$base" > /dev/null 2> "$OUT/$base.asan"
instrumentation/capture_corpus.sh: line 22: 27249 Abort trap: 6           BIBE_TRACE="$OUT/$base.log" "$OUT/$base" > /dev/null 2> "$OUT/$base.asan"
instrumentation/capture_corpus.sh: line 22: 27257 Abort trap: 6           BIBE_TRACE="$OUT/$base.log" "$OUT/$base" > /dev/null 2> "$OUT/$base.asan"
captured 800 traces into instrumentation/out/traces (398 anomalous)
