attribution supervision target: RawAttention, object_bias: 0
800 traces: 640 train (316 anomalous), 160 test
vocabulary size: 18

=== seed 7 ===

training 30 epochs x 80 batches:
  epoch  0  mean loss 62.1188
  epoch  5  mean loss 1.9310
  epoch 10  mean loss 1.2799
  epoch 15  mean loss 1.0207
  epoch 20  mean loss 0.9517
  epoch 25  mean loss 0.9279
  epoch 29  mean loss 0.9238

held-out evaluation on real traces:
  detection   AUC-ROC   0.993   (2625 events)
  localize    Hit@1     0.963
  localize    MRR       0.982   (82 anomalous)
  attribution over 82 use-after-free (Hit@1 / Hit@3 / MRR):
    model              0.561   1.000   0.754
    recency baseline   0.378   0.939   0.637
    same-obj recency   1.000   1.000   1.000
    same-obj write     0.378   0.939   0.637
    trig-adjacent      0.378   0.939   0.637
    trig-window        0.378   0.939   0.637
    ochiai FL          0.000   0.000   0.105
    tarantula FL       0.000   0.000   0.082

=== aggregate over 1 seeds (mean ± std) ===
  detection_auc          0.993 ± 0.000
  localize_hit1          0.963 ± 0.000
  localize_mrr           0.982 ± 0.000
  model_hit1             0.561 ± 0.000
  model_hit3             1.000 ± 0.000
  model_mrr              0.754 ± 0.000
  recency_hit1           0.378 ± 0.000
  recency_hit3           0.939 ± 0.000
  recency_mrr            0.637 ± 0.000
  obj_recency_hit1       1.000 ± 0.000
  obj_recency_hit3       1.000 ± 0.000
  obj_recency_mrr        1.000 ± 0.000
  obj_write_hit1         0.378 ± 0.000
  obj_write_hit3         0.939 ± 0.000
  obj_write_mrr          0.637 ± 0.000
  trig_adjacent_hit1     0.378 ± 0.000
  trig_adjacent_hit3     0.939 ± 0.000
  trig_adjacent_mrr      0.637 ± 0.000
  trig_window_hit1       0.378 ± 0.000
  trig_window_hit3       0.939 ± 0.000
  trig_window_mrr        0.637 ± 0.000
  ochiai_hit1            0.000 ± 0.000
  ochiai_hit3            0.000 ± 0.000
  ochiai_mrr             0.105 ± 0.000
  tarantula_hit1         0.000 ± 0.000
  tarantula_hit3         0.000 ± 0.000
  tarantula_mrr          0.082 ± 0.000
