attribution supervision target: RawAttention, object_bias: 0
800 traces: 640 train (316 anomalous), 160 test
vocabulary size: 18

=== seed 42 ===

training 30 epochs x 80 batches:
  epoch  0  mean loss 59.4111
  epoch  5  mean loss 1.4488
  epoch 10  mean loss 1.3572
  epoch 15  mean loss 1.2595
  epoch 20  mean loss 1.2306
  epoch 25  mean loss 1.1853
  epoch 29  mean loss 1.1735

held-out evaluation on real traces:
  detection   AUC-ROC   0.994   (2625 events)
  localize    Hit@1     0.988
  localize    MRR       0.992   (82 anomalous)
  attribution over 82 use-after-free (Hit@1 / Hit@3 / MRR):
    model              0.317   0.646   0.525
    recency baseline   0.378   0.939   0.637
    same-obj recency   1.000   1.000   1.000
    same-obj write     0.378   0.939   0.637
    trig-adjacent      0.378   0.939   0.637
    trig-window        0.378   0.939   0.637
    ochiai FL          0.000   0.000   0.105
    tarantula FL       0.000   0.000   0.082

=== aggregate over 1 seeds (mean ± std) ===
  detection_auc          0.994 ± 0.000
  attrib_scored          82.000 ± 0.000
  attrib_dropped         0.000 ± 0.000
  localize_hit1          0.988 ± 0.000
  localize_mrr           0.992 ± 0.000
  model_hit1             0.317 ± 0.000
  model_hit3             0.646 ± 0.000
  model_mrr              0.525 ± 0.000
  recency_hit1           0.378 ± 0.000
  recency_hit3           0.939 ± 0.000
  recency_mrr            0.637 ± 0.000
  obj_recency_hit1       1.000 ± 0.000
  obj_recency_hit3       1.000 ± 0.000
  obj_recency_mrr        1.000 ± 0.000
  obj_write_hit1         0.378 ± 0.000
  obj_write_hit3         0.939 ± 0.000
  obj_write_mrr          0.637 ± 0.000
  trig_adjacent_hit1     0.378 ± 0.000
  trig_adjacent_hit3     0.939 ± 0.000
  trig_adjacent_mrr      0.637 ± 0.000
  trig_window_hit1       0.378 ± 0.000
  trig_window_hit3       0.939 ± 0.000
  trig_window_mrr        0.637 ± 0.000
  ochiai_hit1            0.000 ± 0.000
  ochiai_hit3            0.000 ± 0.000
  ochiai_mrr             0.105 ± 0.000
  tarantula_hit1         0.000 ± 0.000
  tarantula_hit3         0.000 ± 0.000
  tarantula_mrr          0.082 ± 0.000
