attribution supervision target: RawAttention, object_bias: 4
800 traces: 640 train (329 anomalous), 160 test
vocabulary size: 18

=== seed 42 ===

training 30 epochs x 80 batches:
  epoch  0  mean loss 48.3558
  epoch  5  mean loss 1.0816
  epoch 10  mean loss 0.4239
  epoch 15  mean loss 0.2486
  epoch 20  mean loss 0.1774
  epoch 25  mean loss 0.1497
  epoch 29  mean loss 0.1344

held-out evaluation on real traces:
  detection   AUC-ROC   1.000   (2606 events)
  localize    Hit@1     1.000
  localize    MRR       1.000   (84 anomalous)
  attribution over 84 use-after-free (Hit@1 / Hit@3 / MRR):
    model              0.988   1.000   0.994
    recency baseline   0.393   0.786   0.619
    same-obj recency   1.000   1.000   1.000
    same-obj write     0.393   0.786   0.619
    trig-adjacent      0.393   0.786   0.619
    trig-window        0.393   0.786   0.619
    ochiai FL          0.000   0.000   0.101
    tarantula FL       0.000   0.000   0.077

=== aggregate over 1 seeds (mean ± std) ===
  detection_auc          1.000 ± 0.000
  attrib_scored          84.000 ± 0.000
  attrib_dropped         0.000 ± 0.000
  localize_hit1          1.000 ± 0.000
  localize_mrr           1.000 ± 0.000
  model_hit1             0.988 ± 0.000
  model_hit3             1.000 ± 0.000
  model_mrr              0.994 ± 0.000
  recency_hit1           0.393 ± 0.000
  recency_hit3           0.786 ± 0.000
  recency_mrr            0.619 ± 0.000
  obj_recency_hit1       1.000 ± 0.000
  obj_recency_hit3       1.000 ± 0.000
  obj_recency_mrr        1.000 ± 0.000
  obj_write_hit1         0.393 ± 0.000
  obj_write_hit3         0.786 ± 0.000
  obj_write_mrr          0.619 ± 0.000
  trig_adjacent_hit1     0.393 ± 0.000
  trig_adjacent_hit3     0.786 ± 0.000
  trig_adjacent_mrr      0.619 ± 0.000
  trig_window_hit1       0.393 ± 0.000
  trig_window_hit3       0.786 ± 0.000
  trig_window_mrr        0.619 ± 0.000
  ochiai_hit1            0.000 ± 0.000
  ochiai_hit3            0.000 ± 0.000
  ochiai_mrr             0.101 ± 0.000
  tarantula_hit1         0.000 ± 0.000
  tarantula_hit3         0.000 ± 0.000
  tarantula_mrr          0.077 ± 0.000
