attribution supervision target: RawAttention, object_bias: 4
800 traces: 640 train (332 anomalous), 160 test
vocabulary size: 18

=== seed 7 ===

training 30 epochs x 80 batches:
  epoch  0  mean loss 56.8769
  epoch  5  mean loss 1.5039
  epoch 10  mean loss 0.7561
  epoch 15  mean loss 0.5024
  epoch 20  mean loss 0.4237
  epoch 25  mean loss 0.3633
  epoch 29  mean loss 0.3593

held-out evaluation on real traces:
  detection   AUC-ROC   0.995   (2635 events)
  localize    Hit@1     0.959
  localize    MRR       0.973   (73 anomalous)
  attribution over 73 use-after-free (Hit@1 / Hit@3 / MRR):
    model              0.945   1.000   0.970
    recency baseline   0.370   0.822   0.610
    same-obj recency   1.000   1.000   1.000
    same-obj write     0.370   0.822   0.610
    trig-adjacent      0.370   0.822   0.610
    trig-window        0.370   0.822   0.610
    ochiai FL          0.000   0.000   0.095
    tarantula FL       0.000   0.000   0.076

=== aggregate over 1 seeds (mean ± std) ===
  detection_auc          0.995 ± 0.000
  attrib_scored          73.000 ± 0.000
  attrib_dropped         0.000 ± 0.000
  localize_hit1          0.959 ± 0.000
  localize_mrr           0.973 ± 0.000
  model_hit1             0.945 ± 0.000
  model_hit3             1.000 ± 0.000
  model_mrr              0.970 ± 0.000
  recency_hit1           0.370 ± 0.000
  recency_hit3           0.822 ± 0.000
  recency_mrr            0.610 ± 0.000
  obj_recency_hit1       1.000 ± 0.000
  obj_recency_hit3       1.000 ± 0.000
  obj_recency_mrr        1.000 ± 0.000
  obj_write_hit1         0.370 ± 0.000
  obj_write_hit3         0.822 ± 0.000
  obj_write_mrr          0.610 ± 0.000
  trig_adjacent_hit1     0.370 ± 0.000
  trig_adjacent_hit3     0.822 ± 0.000
  trig_adjacent_mrr      0.610 ± 0.000
  trig_window_hit1       0.370 ± 0.000
  trig_window_hit3       0.822 ± 0.000
  trig_window_mrr        0.610 ± 0.000
  ochiai_hit1            0.000 ± 0.000
  ochiai_hit3            0.000 ± 0.000
  ochiai_mrr             0.095 ± 0.000
  tarantula_hit1         0.000 ± 0.000
  tarantula_hit3         0.000 ± 0.000
  tarantula_mrr          0.076 ± 0.000
