attribution supervision target: RawAttention, object_bias: 4
400 traces: 320 train (150 anomalous), 80 test
vocabulary size: 8

=== seed 2025 ===

training 30 epochs x 40 batches:
  epoch  0  mean loss 99.9999
  epoch  5  mean loss 5.6494
  epoch 10  mean loss 2.6102
  epoch 15  mean loss 1.9749
  epoch 20  mean loss 1.6707
  epoch 25  mean loss 1.4710
  epoch 29  mean loss 1.4251

held-out evaluation on real traces:
  detection   AUC-ROC   1.000   (2606 events)
  localize    Hit@1     1.000
  localize    MRR       1.000   (39 anomalous)
  attribution over 39 use-after-free (Hit@1 / Hit@3 / MRR):
    model              0.769   0.974   0.864
    recency baseline   0.000   0.000   0.100
    same-obj recency   0.000   0.513   0.293
    same-obj write     0.308   1.000   0.637
    trig-adjacent      0.026   0.026   0.124
    trig-window        1.000   1.000   1.000
    ochiai FL          0.000   0.000   0.100
    tarantula FL       0.000   0.000   0.100

=== aggregate over 1 seeds (mean ± std) ===
  detection_auc          1.000 ± 0.000
  attrib_scored          39.000 ± 0.000
  attrib_dropped         0.000 ± 0.000
  localize_hit1          1.000 ± 0.000
  localize_mrr           1.000 ± 0.000
  model_hit1             0.769 ± 0.000
  model_hit3             0.974 ± 0.000
  model_mrr              0.864 ± 0.000
  recency_hit1           0.000 ± 0.000
  recency_hit3           0.000 ± 0.000
  recency_mrr            0.100 ± 0.000
  obj_recency_hit1       0.000 ± 0.000
  obj_recency_hit3       0.513 ± 0.000
  obj_recency_mrr        0.293 ± 0.000
  obj_write_hit1         0.308 ± 0.000
  obj_write_hit3         1.000 ± 0.000
  obj_write_mrr          0.637 ± 0.000
  trig_adjacent_hit1     0.026 ± 0.000
  trig_adjacent_hit3     0.026 ± 0.000
  trig_adjacent_mrr      0.124 ± 0.000
  trig_window_hit1       1.000 ± 0.000
  trig_window_hit3       1.000 ± 0.000
  trig_window_mrr        1.000 ± 0.000
  ochiai_hit1            0.000 ± 0.000
  ochiai_hit3            0.000 ± 0.000
  ochiai_mrr             0.100 ± 0.000
  tarantula_hit1         0.000 ± 0.000
  tarantula_hit3         0.000 ± 0.000
  tarantula_mrr          0.100 ± 0.000
